<?xml version="1.0" encoding="UTF-8"?>
<!-- Generated by org.testng.reporters.JUnitReportReporter -->
<testsuite hostname="Joe" failures="0" tests="2" name="testng.demo.LeafTapstestCase" time="0.005" errors="0" timestamp="2022-09-27T02:00:06 IST" skipped="0">
  <testcase classname="testng.demo.LeafTapstestCase" name="test1" time="0.004"/>
  <system-out/>
  <testcase classname="testng.demo.LeafTapstestCase" name="test2" time="0.001"/>
  <system-out/>
</testsuite> <!-- testng.demo.LeafTapstestCase -->
