<?xml version="1.0" encoding="UTF-8"?>
<!-- Generated by org.testng.reporters.JUnitReportReporter -->
<testsuite hostname="Joe" failures="0" tests="2" name="testng.demo.CreateLead" time="21.955" errors="0" timestamp="2022-09-28T12:34:30 IST" skipped="0">
  <testcase classname="testng.demo.CreateLead" name="runCreateLead" time="10.739"/>
  <system-out/>
  <testcase classname="testng.demo.CreateLead" name="runCreateLead" time="11.216"/>
  <system-out/>
</testsuite> <!-- testng.demo.CreateLead -->
