<?xml version="1.0" encoding="UTF-8"?>
<!-- Generated by org.testng.reporters.JUnitReportReporter -->
<testsuite hostname="Joe" failures="0" tests="1" name="testcase.DeleteLead" time="21.601" errors="0" timestamp="2022-09-27T01:46:38 IST" skipped="0">
  <testcase classname="testcase.DeleteLead" name="runDeleteLead" time="21.601"/>
  <system-out/>
</testsuite> <!-- testcase.DeleteLead -->
