<?xml version="1.0" encoding="UTF-8"?>
<!-- Generated by org.testng.reporters.JUnitReportReporter -->
<testsuite hostname="Jotheesh" failures="0" tests="1" name="com.test.testing.Jira" time="47.588" errors="0" timestamp="2023-05-29T14:58:26 GMT-04:00" skipped="0">
  <testcase classname="com.test.testing.Jira" name="alertSnap" time="47.588"/>
  <system-out/>
</testsuite> <!-- com.test.testing.Jira -->
