<?xml version="1.0" encoding="UTF-8"?>
<!-- Generated by org.testng.reporters.JUnitReportReporter -->
<testsuite hostname="Joe" failures="0" tests="7" name="testng.demo.LearnArr" time="0.026" errors="1" timestamp="2022-09-28T10:58:15 IST" skipped="1">
  <testcase classname="testng.demo.LearnArr" name="createLead" time="0.005"/>
  <system-out/>
  <testcase classname="testng.demo.LearnArr" name="createLead" time="0.005"/>
  <system-out/>
  <testcase classname="testng.demo.LearnArr" name="createLead" time="0.005"/>
  <system-out/>
  <testcase classname="testng.demo.LearnArr" name="createLead" time="0.005"/>
  <system-out/>
  <testcase classname="testng.demo.LearnArr" name="mergeLead" time="0.000">
    <skipped/>
  </testcase> <!-- mergeLead -->
  <system-out/>
  <testcase classname="testng.demo.LearnArr" name="deleteLead" time="0.005"/>
  <system-out/>
  <testcase classname="testng.demo.LearnArr" name="editLead" time="0.001">
    <error type="java.util.NoSuchElementException">
      <![CDATA[java.util.NoSuchElementException
at testng.demo.LearnArr.editLead(LearnArr.java:27)
at java.base/jdk.internal.reflect.NativeMethodAccessorImpl.invoke0(Native Method)
at java.base/jdk.internal.reflect.NativeMethodAccessorImpl.invoke(NativeMethodAccessorImpl.java:77)
at java.base/jdk.internal.reflect.DelegatingMethodAccessorImpl.invoke(DelegatingMethodAccessorImpl.java:43)
at java.base/java.lang.reflect.Method.invoke(Method.java:568)
at org.testng.internal.MethodInvocationHelper.invokeMethod(MethodInvocationHelper.java:133)
at org.testng.internal.TestInvoker.invokeMethod(TestInvoker.java:598)
at org.testng.internal.TestInvoker.invokeTestMethod(TestInvoker.java:173)
at org.testng.internal.MethodRunner.runInSequence(MethodRunner.java:46)
at org.testng.internal.TestInvoker$MethodInvocationAgent.invoke(TestInvoker.java:824)
at org.testng.internal.TestInvoker.invokeTestMethods(TestInvoker.java:146)
at org.testng.internal.TestMethodWorker.invokeTestMethods(TestMethodWorker.java:146)
at org.testng.internal.TestMethodWorker.run(TestMethodWorker.java:128)
at java.base/java.util.concurrent.ThreadPoolExecutor.runWorker(ThreadPoolExecutor.java:1136)
at java.base/java.util.concurrent.ThreadPoolExecutor$Worker.run(ThreadPoolExecutor.java:635)
at java.base/java.lang.Thread.run(Thread.java:833)
]]>
    </error>
  </testcase> <!-- editLead -->
  <system-out/>
</testsuite> <!-- testng.demo.LearnArr -->
