<?xml version="1.0" encoding="UTF-8"?>
<!-- Generated by org.testng.reporters.JUnitReportReporter -->
<testsuite hostname="Joe" failures="0" tests="1" name="testcase.CreateLead" time="21.435" errors="0" timestamp="2022-09-27T01:46:38 IST" skipped="0">
  <testcase classname="testcase.CreateLead" name="runCreateLead" time="21.435"/>
  <system-out/>
</testsuite> <!-- testcase.CreateLead -->
