<?xml version="1.0" encoding="UTF-8"?>
<!-- Generated by org.testng.reporters.JUnitReportReporter -->
<testsuite hostname="Joe" failures="0" tests="1" name="testcase.EditLead" time="20.439" errors="0" timestamp="2022-09-27T01:46:38 IST" skipped="0">
  <testcase classname="testcase.EditLead" name="runEditLead" time="20.439"/>
  <system-out/>
</testsuite> <!-- testcase.EditLead -->
